C:\Program Files (x86)\Microsoft Visual Studio\2019\Community\MSBuild\Microsoft\VC\v160\Microsoft.CppBuild.targets(477,5): warning MSB8004: Output Directory does not end with a trailing slash.  This build instance will add the slash as it is required to allow proper evaluation of the Output Directory.
cl : command line warning D9025: overriding '/sdl' with '/GS-'
  renderer.cpp
C:\Users\alfie\Desktop\Mega.nz Upload folder\hardwatse-source-leak-main\renderer.cpp(303,52): warning C4305: 'argument': truncation from 'double' to 'float'
C:\Users\alfie\Desktop\Mega.nz Upload folder\hardwatse-source-leak-main\renderer.cpp(304,58): warning C4305: 'argument': truncation from 'double' to 'float'
C:\Users\alfie\Desktop\Mega.nz Upload folder\hardwatse-source-leak-main\renderer.cpp(305,61): warning C4305: 'argument': truncation from 'double' to 'float'
C:\Users\alfie\Desktop\Mega.nz Upload folder\hardwatse-source-leak-main\renderer.cpp(346,39): warning C4305: 'argument': truncation from 'double' to 'float'
C:\Users\alfie\Desktop\Mega.nz Upload folder\hardwatse-source-leak-main\renderer.cpp(545,75): warning C4267: 'argument': conversion from 'size_t' to 'int', possible loss of data
C:\Users\alfie\Desktop\Mega.nz Upload folder\hardwatse-source-leak-main\renderer.cpp(570,141): warning C4305: 'argument': truncation from 'double' to 'float'
C:\Users\alfie\Desktop\Mega.nz Upload folder\hardwatse-source-leak-main\renderer.cpp(570,52): warning C4244: 'argument': conversion from 'int' to 'float', possible loss of data
C:\Users\alfie\Desktop\Mega.nz Upload folder\hardwatse-source-leak-main\renderer.cpp(570,47): warning C4244: 'argument': conversion from 'int' to 'float', possible loss of data
C:\Users\alfie\Desktop\Mega.nz Upload folder\hardwatse-source-leak-main\renderer.cpp(571,141): warning C4305: 'argument': truncation from 'double' to 'float'
C:\Users\alfie\Desktop\Mega.nz Upload folder\hardwatse-source-leak-main\renderer.cpp(571,52): warning C4244: 'argument': conversion from 'int' to 'float', possible loss of data
C:\Users\alfie\Desktop\Mega.nz Upload folder\hardwatse-source-leak-main\renderer.cpp(571,47): warning C4244: 'argument': conversion from 'int' to 'float', possible loss of data
C:\Users\alfie\Desktop\Mega.nz Upload folder\hardwatse-source-leak-main\renderer.cpp(572,141): warning C4305: 'argument': truncation from 'double' to 'float'
C:\Users\alfie\Desktop\Mega.nz Upload folder\hardwatse-source-leak-main\renderer.cpp(572,54): warning C4244: 'argument': conversion from 'int' to 'float', possible loss of data
C:\Users\alfie\Desktop\Mega.nz Upload folder\hardwatse-source-leak-main\renderer.cpp(572,49): warning C4244: 'argument': conversion from 'int' to 'float', possible loss of data
C:\Users\alfie\Desktop\Mega.nz Upload folder\hardwatse-source-leak-main\renderer.cpp(573,141): warning C4305: 'argument': truncation from 'double' to 'float'
C:\Users\alfie\Desktop\Mega.nz Upload folder\hardwatse-source-leak-main\renderer.cpp(573,54): warning C4244: 'argument': conversion from 'int' to 'float', possible loss of data
C:\Users\alfie\Desktop\Mega.nz Upload folder\hardwatse-source-leak-main\renderer.cpp(573,49): warning C4244: 'argument': conversion from 'int' to 'float', possible loss of data
C:\Users\alfie\Desktop\Mega.nz Upload folder\hardwatse-source-leak-main\renderer.cpp(574,50): warning C4244: 'argument': conversion from 'int' to 'float', possible loss of data
C:\Users\alfie\Desktop\Mega.nz Upload folder\hardwatse-source-leak-main\renderer.cpp(574,47): warning C4244: 'argument': conversion from 'int' to 'float', possible loss of data
C:\Users\alfie\Desktop\Mega.nz Upload folder\hardwatse-source-leak-main\renderer.cpp(579,101): warning C4244: 'argument': conversion from 'int' to 'float', possible loss of data
C:\Users\alfie\Desktop\Mega.nz Upload folder\hardwatse-source-leak-main\renderer.cpp(579,64): warning C4244: 'argument': conversion from 'int' to 'float', possible loss of data
C:\Users\alfie\Desktop\Mega.nz Upload folder\hardwatse-source-leak-main\renderer.cpp(579,61): warning C4244: 'argument': conversion from 'int' to 'float', possible loss of data
C:\Users\alfie\Desktop\Mega.nz Upload folder\hardwatse-source-leak-main\renderer.cpp(579,50): warning C4244: 'argument': conversion from 'int' to 'float', possible loss of data
C:\Users\alfie\Desktop\Mega.nz Upload folder\hardwatse-source-leak-main\renderer.cpp(579,47): warning C4244: 'argument': conversion from 'int' to 'float', possible loss of data
C:\Users\alfie\Desktop\Mega.nz Upload folder\hardwatse-source-leak-main\renderer.cpp(583,99): warning C4244: 'argument': conversion from 'int' to 'float', possible loss of data
C:\Users\alfie\Desktop\Mega.nz Upload folder\hardwatse-source-leak-main\renderer.cpp(583,67): warning C4244: 'argument': conversion from 'int' to 'float', possible loss of data
C:\Users\alfie\Desktop\Mega.nz Upload folder\hardwatse-source-leak-main\renderer.cpp(583,63): warning C4244: 'argument': conversion from 'int' to 'float', possible loss of data
C:\Users\alfie\Desktop\Mega.nz Upload folder\hardwatse-source-leak-main\renderer.cpp(583,51): warning C4244: 'argument': conversion from 'int' to 'float', possible loss of data
C:\Users\alfie\Desktop\Mega.nz Upload folder\hardwatse-source-leak-main\renderer.cpp(583,47): warning C4244: 'argument': conversion from 'int' to 'float', possible loss of data
C:\Users\alfie\Desktop\Mega.nz Upload folder\hardwatse-source-leak-main\renderer.cpp(587,15): warning C4244: 'initializing': conversion from 'int' to 'float', possible loss of data
C:\Users\alfie\Desktop\Mega.nz Upload folder\hardwatse-source-leak-main\renderer.cpp(588,15): warning C4244: 'initializing': conversion from 'int' to 'float', possible loss of data
C:\Users\alfie\Desktop\Mega.nz Upload folder\hardwatse-source-leak-main\renderer.cpp(601,103): warning C4244: 'argument': conversion from 'int' to 'float', possible loss of data
C:\Users\alfie\Desktop\Mega.nz Upload folder\hardwatse-source-leak-main\renderer.cpp(601,61): warning C4244: 'argument': conversion from 'int' to 'float', possible loss of data
C:\Users\alfie\Desktop\Mega.nz Upload folder\hardwatse-source-leak-main\renderer.cpp(601,50): warning C4244: 'argument': conversion from 'int' to 'float', possible loss of data
C:\Users\alfie\Desktop\Mega.nz Upload folder\hardwatse-source-leak-main\renderer.cpp(601,47): warning C4244: 'argument': conversion from 'int' to 'float', possible loss of data
C:\Users\alfie\Desktop\Mega.nz Upload folder\hardwatse-source-leak-main\renderer.cpp(602,103): warning C4244: 'argument': conversion from 'int' to 'float', possible loss of data
C:\Users\alfie\Desktop\Mega.nz Upload folder\hardwatse-source-leak-main\renderer.cpp(602,72): warning C4244: 'argument': conversion from 'int' to 'float', possible loss of data
C:\Users\alfie\Desktop\Mega.nz Upload folder\hardwatse-source-leak-main\renderer.cpp(602,50): warning C4244: 'argument': conversion from 'int' to 'float', possible loss of data
C:\Users\alfie\Desktop\Mega.nz Upload folder\hardwatse-source-leak-main\renderer.cpp(602,47): warning C4244: 'argument': conversion from 'int' to 'float', possible loss of data
C:\Users\alfie\Desktop\Mega.nz Upload folder\hardwatse-source-leak-main\renderer.cpp(603,111): warning C4244: 'argument': conversion from 'int' to 'float', possible loss of data
C:\Users\alfie\Desktop\Mega.nz Upload folder\hardwatse-source-leak-main\renderer.cpp(603,80): warning C4244: 'argument': conversion from 'int' to 'float', possible loss of data
C:\Users\alfie\Desktop\Mega.nz Upload folder\hardwatse-source-leak-main\renderer.cpp(603,75): warning C4244: 'argument': conversion from 'int' to 'float', possible loss of data
C:\Users\alfie\Desktop\Mega.nz Upload folder\hardwatse-source-leak-main\renderer.cpp(603,62): warning C4244: 'argument': conversion from 'int' to 'float', possible loss of data
C:\Users\alfie\Desktop\Mega.nz Upload folder\hardwatse-source-leak-main\renderer.cpp(604,111): warning C4244: 'argument': conversion from 'int' to 'float', possible loss of data
C:\Users\alfie\Desktop\Mega.nz Upload folder\hardwatse-source-leak-main\renderer.cpp(604,67): warning C4244: 'argument': conversion from 'int' to 'float', possible loss of data
C:\Users\alfie\Desktop\Mega.nz Upload folder\hardwatse-source-leak-main\renderer.cpp(604,54): warning C4244: 'argument': conversion from 'int' to 'float', possible loss of data
C:\Users\alfie\Desktop\Mega.nz Upload folder\hardwatse-source-leak-main\renderer.cpp(604,49): warning C4244: 'argument': conversion from 'int' to 'float', possible loss of data
C:\Users\alfie\Desktop\Mega.nz Upload folder\hardwatse-source-leak-main\renderer.cpp(605,111): warning C4244: 'argument': conversion from 'int' to 'float', possible loss of data
C:\Users\alfie\Desktop\Mega.nz Upload folder\hardwatse-source-leak-main\renderer.cpp(605,78): warning C4244: 'argument': conversion from 'int' to 'float', possible loss of data
C:\Users\alfie\Desktop\Mega.nz Upload folder\hardwatse-source-leak-main\renderer.cpp(605,73): warning C4244: 'argument': conversion from 'int' to 'float', possible loss of data
C:\Users\alfie\Desktop\Mega.nz Upload folder\hardwatse-source-leak-main\renderer.cpp(605,47): warning C4244: 'argument': conversion from 'int' to 'float', possible loss of data
C:\Users\alfie\Desktop\Mega.nz Upload folder\hardwatse-source-leak-main\renderer.cpp(606,111): warning C4244: 'argument': conversion from 'int' to 'float', possible loss of data
C:\Users\alfie\Desktop\Mega.nz Upload folder\hardwatse-source-leak-main\renderer.cpp(606,78): warning C4244: 'argument': conversion from 'int' to 'float', possible loss of data
C:\Users\alfie\Desktop\Mega.nz Upload folder\hardwatse-source-leak-main\renderer.cpp(606,52): warning C4244: 'argument': conversion from 'int' to 'float', possible loss of data
C:\Users\alfie\Desktop\Mega.nz Upload folder\hardwatse-source-leak-main\renderer.cpp(606,47): warning C4244: 'argument': conversion from 'int' to 'float', possible loss of data
C:\Users\alfie\Desktop\Mega.nz Upload folder\hardwatse-source-leak-main\renderer.cpp(607,119): warning C4244: 'argument': conversion from 'int' to 'float', possible loss of data
C:\Users\alfie\Desktop\Mega.nz Upload folder\hardwatse-source-leak-main\renderer.cpp(607,86): warning C4244: 'argument': conversion from 'int' to 'float', possible loss of data
C:\Users\alfie\Desktop\Mega.nz Upload folder\hardwatse-source-leak-main\renderer.cpp(607,79): warning C4244: 'argument': conversion from 'int' to 'float', possible loss of data
C:\Users\alfie\Desktop\Mega.nz Upload folder\hardwatse-source-leak-main\renderer.cpp(607,64): warning C4244: 'argument': conversion from 'int' to 'float', possible loss of data
C:\Users\alfie\Desktop\Mega.nz Upload folder\hardwatse-source-leak-main\renderer.cpp(608,119): warning C4244: 'argument': conversion from 'int' to 'float', possible loss of data
C:\Users\alfie\Desktop\Mega.nz Upload folder\hardwatse-source-leak-main\renderer.cpp(608,86): warning C4244: 'argument': conversion from 'int' to 'float', possible loss of data
C:\Users\alfie\Desktop\Mega.nz Upload folder\hardwatse-source-leak-main\renderer.cpp(608,79): warning C4244: 'argument': conversion from 'int' to 'float', possible loss of data
C:\Users\alfie\Desktop\Mega.nz Upload folder\hardwatse-source-leak-main\renderer.cpp(608,49): warning C4244: 'argument': conversion from 'int' to 'float', possible loss of data
C:\Users\alfie\Desktop\Mega.nz Upload folder\hardwatse-source-leak-main\renderer.cpp(1947,26): warning C4244: 'initializing': conversion from 'double' to 'float', possible loss of data
C:\Users\alfie\Desktop\Mega.nz Upload folder\hardwatse-source-leak-main\renderer.cpp(1953,22): warning C4244: 'initializing': conversion from 'double' to 'float', possible loss of data
C:\Users\alfie\Desktop\Mega.nz Upload folder\hardwatse-source-leak-main\renderer.cpp(1961,103): warning C4244: 'argument': conversion from 'double' to 'int', possible loss of data
C:\Users\alfie\Desktop\Mega.nz Upload folder\hardwatse-source-leak-main\renderer.cpp(1961,79): warning C4244: 'argument': conversion from 'float' to 'int', possible loss of data
C:\Users\alfie\Desktop\Mega.nz Upload folder\hardwatse-source-leak-main\renderer.cpp(1961,66): warning C4244: 'argument': conversion from 'float' to 'int', possible loss of data
C:\Users\alfie\Desktop\Mega.nz Upload folder\hardwatse-source-leak-main\renderer.cpp(1961,62): warning C4244: 'argument': conversion from 'float' to 'int', possible loss of data
C:\Users\alfie\Desktop\Mega.nz Upload folder\hardwatse-source-leak-main\renderer.cpp(1961,34): warning C4244: 'argument': conversion from 'float' to 'int', possible loss of data
     Creating library ..\modmap\test.lib and object ..\modmap\test.exp
LINK : warning LNK4098: defaultlib 'LIBCMTD' conflicts with use of other libs; use /NODEFAULTLIB:library
  Generating code
  Previous IPDB not found, fall back to full compilation.
C:\Users\alfie\Desktop\Mega.nz Upload folder\hardwatse-source-leak-main\renderer.cpp(1957): warning C4700: uninitialized local variable 'X' used
  All 2455 functions were compiled because no usable IPDB/IOBJ from previous compilation was found.
  Finished generating code
  Fortnite.vcxproj -> C:\Users\alfie\Desktop\Mega.nz Upload folder\modmap\test.dll
